Arguments: 
  C:\Program Files\nodejs\node.exe C:\Users\LraTy\AppData\Roaming\npm\node_modules\yarn\bin\yarn.js add vuepress-plugin-container

PATH: 
  C:\Program Files\Java\jdk1.8.0_221\bin;C:\Program Files (x86)\Common Files\Intel\Shared Files\cpp\bin\Intel64;C:\Program Files (x86)\Common Files\Intel\Shared Libraries\redist\intel64\compiler;C:\WINDOWS\system32;C:\WINDOWS;C:\WINDOWS\System32\Wbem;C:\WINDOWS\System32\WindowsPowerShell\v1.0\;C:\WINDOWS\System32\OpenSSH\;C:\Program Files\Intel\WiFi\bin\;C:\Program Files\Common Files\Intel\WirelessCommon\;C:\Program Files\Git\cmd;C:\Program Files\nodejs\;C:\Python27\Scripts;C:\TDM-GCC-64\bin;C:\ProgramData\Git;D:\Matlab\runtime\win64;D:\Matlab\bin;D:\Matlab\polyspace\bin;C:\Users\LraTy\AppData\Local\Programs\Python\Python37;C:\Users\LraTy\AppData\Local\Microsoft\WindowsApps;C:\Users\LraTy\AppData\Local\Programs\Microsoft VS Code\bin;C:\Users\LraTy\AppData\Local\GitHubDesktop\bin;C:\Users\LraTy\AppData\Roaming\npm;C:\Program Files\Bandizip\;C:\Coding\flutter\bin;D:\IntelliJ IDEA 2019.2.1\bin;;C:\Program Files\Java\jdk1.8.0_221\bin;C:\Users\LraTy\AppData\Local\Microsoft\WindowsApps;C:\Users\LraTy\AppData\Local\Programs\Python\Python37;

Yarn version: 
  1.21.1

Node version: 
  10.16.0

Platform: 
  win32 x64

Trace: 
  Error: getaddrinfo ENOTFOUND registry.yarnpkg.com registry.yarnpkg.com:443
      at GetAddrInfoReqWrap.onlookup [as oncomplete] (dns.js:56:26)

npm manifest: 
  {
    "name": "VuepressPage",
    "version": "1.0.0",
    "description": "",
    "main": "index.js",
    "scripts": {
      "deploy":"bash deploy.sh",
      "dev": "vuepress dev docs",
      "docs:build": "vuepress build docs"
    },
    "repository": {
      "type": "git",
      "url": "git+https://github.com/lraty-li/VuepressPage.git"
    },
    "keywords": [],
    "author": "",
    "license": "ISC",
    "bugs": {
      "url": "https://github.com/lraty-li/VuepressPage/issues"
    },
    "homepage": "https://github.com/lraty-li/VuepressPage#readme"
  }

yarn manifest: 
  No manifest

Lockfile: 
  # THIS IS AN AUTOGENERATED FILE. DO NOT EDIT THIS FILE DIRECTLY.
  # yarn lockfile v1
  
  
  markdown-it-container@^2.0.0:
    version "2.0.0"
    resolved "https://registry.yarnpkg.com/markdown-it-container/-/markdown-it-container-2.0.0.tgz#0019b43fd02eefece2f1960a2895fba81a404695"
    integrity sha1-ABm0P9Au7+zi8ZYKKJX7qBpARpU=
  
  vuepress-plugin-container@^2.1.2:
    version "2.1.2"
    resolved "https://registry.yarnpkg.com/vuepress-plugin-container/-/vuepress-plugin-container-2.1.2.tgz#688c1e5a9709a1b8658605bcaee580b3abb19d16"
    integrity sha512-Df5KoIDMYiFg45GTfFw2hIiLGSsjhms4f3ppl2UIBf5nWMxi2lfifcoo8MooMSfxboxRZjoDccqQfu0fypaKrQ==
    dependencies:
      markdown-it-container "^2.0.0"
